<?xml version="1.0" encoding="UTF-8"?>
<!-- Generated by org.testng.reporters.JUnitXMLReporter -->
<testsuite ignored="0" hostname="MinhNH" failures="5" tests="45" name="TestNGAndSelenium" time="225.75" errors="0" timestamp="2021-12-12T22:03:16 ICT">
  <testcase classname="com.poly.service.testng_selenium.LoginTest" name="processLogin" time="3.604"/>
  <testcase classname="com.poly.service.testng_selenium.LoginTest" name="processLogin" time="2.471"/>
  <testcase classname="com.poly.service.testng_selenium.LoginTest" name="processLogin" time="2.448"/>
  <testcase classname="com.poly.service.testng_selenium.LoginTest" name="processLogin" time="2.51"/>
  <testcase classname="com.poly.service.testng_selenium.ChangePassTest" name="changePassword" time="15.402"/>
  <testcase classname="com.poly.service.testng_selenium.ChangePassTest" name="changePassword" time="14.937"/>
  <testcase classname="com.poly.service.testng_selenium.ChangePassTest" name="changePassword" time="3.854"/>
  <testcase classname="com.poly.service.testng_selenium.RegisterTest" name="processRegister" time="3.925"/>
  <testcase classname="com.poly.service.testng_selenium.RegisterTest" name="processRegister" time="3.122"/>
  <testcase classname="com.poly.service.testng_selenium.RegisterTest" name="processRegister" time="3.16"/>
  <testcase classname="com.poly.service.testng_selenium.RegisterTest" name="processRegister" time="2.78"/>
  <testcase classname="com.poly.service.testng_selenium.UserTest" name="processLogin" time="2.511"/>
  <testcase classname="com.poly.service.testng_selenium.UserTest" name="insertUser" time="3.05"/>
  <testcase classname="com.poly.service.testng_selenium.UserTest" name="insertUser" time="2.314"/>
  <testcase classname="com.poly.service.testng_selenium.UserTest" name="insertUser" time="2.193"/>
  <testcase classname="com.poly.service.testng_selenium.UserTest" name="insertUser" time="2.135">
    <failure type="java.lang.AssertionError" message="expected [Thêm mới thất bại!] but found [Thêm mới thành công!]">
      <![CDATA[java.lang.AssertionError: expected [Thêm mới thất bại!] but found [Thêm mới thành công!]
at com.poly.service.testng_selenium.UserTest.insertUser(UserTest.java:98)
at java.base/java.util.ArrayList.forEach(ArrayList.java:1511)
... Removed 33 stack frames]]>
    </failure>
  </testcase> <!-- insertUser -->
  <testcase classname="com.poly.service.testng_selenium.UserTest" name="insertUser" time="2.16">
    <failure type="java.lang.AssertionError" message="expected [Thêm mới thất bại!] but found [Thêm mới thành công!]">
      <![CDATA[java.lang.AssertionError: expected [Thêm mới thất bại!] but found [Thêm mới thành công!]
at com.poly.service.testng_selenium.UserTest.insertUser(UserTest.java:98)
at java.base/java.util.ArrayList.forEach(ArrayList.java:1511)
... Removed 33 stack frames]]>
    </failure>
  </testcase> <!-- insertUser -->
  <testcase classname="com.poly.service.testng_selenium.UserTest" name="updateUser" time="3.88"/>
  <testcase classname="com.poly.service.testng_selenium.UserTest" name="updateUser" time="4.179"/>
  <testcase classname="com.poly.service.testng_selenium.UserTest" name="updateUser" time="3.72"/>
  <testcase classname="com.poly.service.testng_selenium.UserTest" name="updateUser" time="3.76">
    <failure type="java.lang.AssertionError" message="expected [Cập nhật thông tin thất bại!] but found [Cập nhật thông tin thành công!]">
      <![CDATA[java.lang.AssertionError: expected [Cập nhật thông tin thất bại!] but found [Cập nhật thông tin thành công!]
at com.poly.service.testng_selenium.UserTest.updateUser(UserTest.java:129)
at java.base/java.util.ArrayList.forEach(ArrayList.java:1511)
... Removed 33 stack frames]]>
    </failure>
  </testcase> <!-- updateUser -->
  <testcase classname="com.poly.service.testng_selenium.UserTest" name="deleteUser" time="2.16"/>
  <testcase classname="com.poly.service.testng_selenium.UserTest" name="deleteUser" time="0.885"/>
  <testcase classname="com.poly.service.testng_selenium.FavoriteTest" name="processLogin" time="2.539"/>
  <testcase classname="com.poly.service.testng_selenium.FavoriteTest" name="insertFavorite" time="8.989"/>
  <testcase classname="com.poly.service.testng_selenium.FavoriteTest" name="insertFavorite" time="6.69"/>
  <testcase classname="com.poly.service.testng_selenium.FavoriteTest" name="insertFavorite" time="6.331"/>
  <testcase classname="com.poly.service.testng_selenium.FavoriteTest" name="deleteFavorite" time="1.41"/>
  <testcase classname="com.poly.service.testng_selenium.FavoriteTest" name="deleteFavorite" time="1.275"/>
  <testcase classname="com.poly.service.testng_selenium.FavoriteTest" name="deleteFavorite" time="1.245"/>
  <testcase classname="com.poly.service.testng_selenium.VideoTest" name="processLogin" time="2.379"/>
  <testcase classname="com.poly.service.testng_selenium.VideoTest" name="insertVideo" time="3.483"/>
  <testcase classname="com.poly.service.testng_selenium.VideoTest" name="insertVideo" time="2.804"/>
  <testcase classname="com.poly.service.testng_selenium.VideoTest" name="insertVideo" time="3.413">
    <failure type="java.lang.AssertionError" message="expected [Thêm mới thất bại!] but found [Thêm mới thành công!]">
      <![CDATA[java.lang.AssertionError: expected [Thêm mới thất bại!] but found [Thêm mới thành công!]
at com.poly.service.testng_selenium.VideoTest.insertVideo(VideoTest.java:112)
at java.base/java.util.ArrayList.forEach(ArrayList.java:1511)
... Removed 33 stack frames]]>
    </failure>
  </testcase> <!-- insertVideo -->
  <testcase classname="com.poly.service.testng_selenium.VideoTest" name="updateVideo" time="4.731"/>
  <testcase classname="com.poly.service.testng_selenium.VideoTest" name="updateVideo" time="1.79">
    <failure type="java.lang.AssertionError" message="expected [Cập nhật thông tin thất bại!] but found [Video ID không tồn tại!]">
      <![CDATA[java.lang.AssertionError: expected [Cập nhật thông tin thất bại!] but found [Video ID không tồn tại!]
at com.poly.service.testng_selenium.VideoTest.updateVideo(VideoTest.java:146)
at java.base/java.util.ArrayList.forEach(ArrayList.java:1511)
... Removed 33 stack frames]]>
    </failure>
  </testcase> <!-- updateVideo -->
  <testcase classname="com.poly.service.testng_selenium.VideoTest" name="deleteVideo" time="3.36"/>
  <testcase classname="com.poly.service.testng_selenium.VideoTest" name="deleteVideo" time="0.584"/>
  <testcase classname="com.poly.service.testng_selenium.HistoryTest" name="processLogin" time="2.515"/>
  <testcase classname="com.poly.service.testng_selenium.HistoryTest" name="insertHistory" time="4.676"/>
  <testcase classname="com.poly.service.testng_selenium.HistoryTest" name="insertHistory" time="4.37"/>
  <testcase classname="com.poly.service.testng_selenium.HistoryTest" name="insertHistory" time="4.387"/>
  <testcase classname="com.poly.service.testng_selenium.HistoryTest" name="deleteHistoty" time="1.405"/>
  <testcase classname="com.poly.service.testng_selenium.HistoryTest" name="deleteHistoty" time="1.33"/>
  <testcase classname="com.poly.service.testng_selenium.HistoryTest" name="deleteHistoty" time="1.269"/>
</testsuite> <!-- TestNGAndSelenium -->
